# Derivatives solution step at time 0 performed in 0 iterations with 0 error
# Key for lines starting with "Step":
# Step Time TStep NIter ResErr SolErr SolConv Out
Step 0 0 0 0 0 0 0 1
Step 1 0.01 0.01 1 3.97252e-16 0 0 1
Step 2 0.02 0.01 1 5.60836e-15 0 0 1
Step 3 0.03 0.01 1 1.51242e-13 0 0 1
Step 4 0.04 0.01 1 2.73236e-13 0 0 1
Step 5 0.05 0.01 1 3.24058e-13 0 0 1
Step 6 0.06 0.01 1 3.4195e-13 0 0 1
Step 7 0.07 0.01 1 3.4794e-13 0 0 1
Step 8 0.08 0.01 1 3.49915e-13 0 0 1
Step 9 0.09 0.01 1 3.50562e-13 0 0 1
Step 10 0.1 0.01 1 3.50775e-13 0 0 1
Step 11 0.11 0.01 1 3.50843e-13 0 0 1
Step 12 0.12 0.01 1 3.50865e-13 0 0 1
Step 13 0.13 0.01 1 3.50872e-13 0 0 1
Step 14 0.14 0.01 1 3.50874e-13 0 0 1
Step 15 0.15 0.01 1 3.50874e-13 0 0 1
Step 16 0.16 0.01 1 3.50876e-13 0 0 1
Step 17 0.17 0.01 1 3.50876e-13 0 0 1
Step 18 0.18 0.01 1 3.50874e-13 0 0 1
Step 19 0.19 0.01 1 3.50876e-13 0 0 1
Step 20 0.2 0.01 1 3.50874e-13 0 0 1
Step 21 0.21 0.01 1 3.50876e-13 0 0 1
Step 22 0.22 0.01 1 3.50876e-13 0 0 1
Step 23 0.23 0.01 1 3.50876e-13 0 0 1
Step 24 0.24 0.01 1 3.50876e-13 0 0 1
Step 25 0.25 0.01 1 3.50876e-13 0 0 1
Step 26 0.26 0.01 1 3.50876e-13 0 0 1
Step 27 0.27 0.01 1 3.50874e-13 0 0 1
Step 28 0.28 0.01 1 3.50876e-13 0 0 1
Step 29 0.29 0.01 1 3.50876e-13 0 0 1
Step 30 0.3 0.01 1 3.50876e-13 0 0 1
Step 31 0.31 0.01 1 3.50876e-13 0 0 1
Step 32 0.32 0.01 1 3.50876e-13 0 0 1
Step 33 0.33 0.01 1 3.50876e-13 0 0 1
Step 34 0.34 0.01 1 3.50876e-13 0 0 1
Step 35 0.35 0.01 1 3.50876e-13 0 0 1
Step 36 0.36 0.01 1 3.50876e-13 0 0 1
Step 37 0.37 0.01 1 3.50876e-13 0 0 1
Step 38 0.38 0.01 1 3.50876e-13 0 0 1
Step 39 0.39 0.01 1 3.50876e-13 0 0 1
Step 40 0.4 0.01 1 3.50876e-13 0 0 1
Step 41 0.41 0.01 1 3.50876e-13 0 0 1
Step 42 0.42 0.01 1 3.50876e-13 0 0 1
Step 43 0.43 0.01 1 3.50876e-13 0 0 1
Step 44 0.44 0.01 1 3.50876e-13 0 0 1
Step 45 0.45 0.01 1 3.50876e-13 0 0 1
Step 46 0.46 0.01 1 3.50874e-13 0 0 1
Step 47 0.47 0.01 1 3.50876e-13 0 0 1
Step 48 0.48 0.01 1 3.50876e-13 0 0 1
Step 49 0.49 0.01 1 3.50876e-13 0 0 1
Step 50 0.5 0.01 1 3.50874e-13 0 0 1
Step 51 0.51 0.01 1 3.50876e-13 0 0 1
Step 52 0.52 0.01 1 3.50876e-13 0 0 1
Step 53 0.53 0.01 1 3.50874e-13 0 0 1
Step 54 0.54 0.01 1 3.50876e-13 0 0 1
Step 55 0.55 0.01 1 3.50876e-13 0 0 1
Step 56 0.56 0.01 1 3.50874e-13 0 0 1
Step 57 0.57 0.01 1 3.50876e-13 0 0 1
Step 58 0.58 0.01 1 3.50876e-13 0 0 1
Step 59 0.59 0.01 1 3.50876e-13 0 0 1
Step 60 0.6 0.01 1 3.50876e-13 0 0 1
Step 61 0.61 0.01 1 3.50876e-13 0 0 1
Step 62 0.62 0.01 1 3.50876e-13 0 0 1
Step 63 0.63 0.01 1 3.50876e-13 0 0 1
Step 64 0.64 0.01 1 3.50876e-13 0 0 1
Step 65 0.65 0.01 1 3.50876e-13 0 0 1
Step 66 0.66 0.01 1 3.50874e-13 0 0 1
Step 67 0.67 0.01 1 3.50876e-13 0 0 1
Step 68 0.68 0.01 1 3.50876e-13 0 0 1
Step 69 0.69 0.01 1 3.50876e-13 0 0 1
Step 70 0.7 0.01 1 3.50876e-13 0 0 1
Step 71 0.71 0.01 1 3.50876e-13 0 0 1
Step 72 0.72 0.01 1 3.50876e-13 0 0 1
Step 73 0.73 0.01 1 3.50876e-13 0 0 1
Step 74 0.74 0.01 1 3.50874e-13 0 0 1
Step 75 0.75 0.01 1 3.50876e-13 0 0 1
Step 76 0.76 0.01 1 3.50876e-13 0 0 1
Step 77 0.77 0.01 1 3.50876e-13 0 0 1
Step 78 0.78 0.01 1 3.50876e-13 0 0 1
Step 79 0.79 0.01 1 3.50876e-13 0 0 1
Step 80 0.8 0.01 1 3.50876e-13 0 0 1
Step 81 0.81 0.01 1 3.50876e-13 0 0 1
Step 82 0.82 0.01 1 3.50876e-13 0 0 1
Step 83 0.83 0.01 1 3.50876e-13 0 0 1
Step 84 0.84 0.01 1 3.50876e-13 0 0 1
Step 85 0.85 0.01 1 3.50876e-13 0 0 1
Step 86 0.86 0.01 1 3.50876e-13 0 0 1
Step 87 0.87 0.01 1 3.50876e-13 0 0 1
Step 88 0.88 0.01 1 3.50876e-13 0 0 1
Step 89 0.89 0.01 1 3.50876e-13 0 0 1
Step 90 0.9 0.01 1 3.50876e-13 0 0 1
Step 91 0.91 0.01 1 3.50876e-13 0 0 1
Step 92 0.92 0.01 1 3.50876e-13 0 0 1
Step 93 0.93 0.01 1 3.50876e-13 0 0 1
Step 94 0.94 0.01 1 3.50876e-13 0 0 1
Step 95 0.95 0.01 1 3.50876e-13 0 0 1
Step 96 0.96 0.01 1 3.50876e-13 0 0 1
Step 97 0.97 0.01 1 3.50876e-13 0 0 1
Step 98 0.98 0.01 1 3.50876e-13 0 0 1
Step 99 0.99 0.01 1 3.50876e-13 0 0 1
Step 100 1 0.01 1 3.50876e-13 0 0 1
Step 101 1.01 0.01 1 3.50876e-13 0 0 1
Step 102 1.02 0.01 1 3.50876e-13 0 0 1
Step 103 1.03 0.01 1 3.50876e-13 0 0 1
Step 104 1.04 0.01 1 3.50874e-13 0 0 1
Step 105 1.05 0.01 1 3.50876e-13 0 0 1
Step 106 1.06 0.01 1 3.50876e-13 0 0 1
Step 107 1.07 0.01 1 3.50876e-13 0 0 1
Step 108 1.08 0.01 1 3.50876e-13 0 0 1
Step 109 1.09 0.01 1 3.50876e-13 0 0 1
Step 110 1.1 0.01 1 3.50874e-13 0 0 1
Step 111 1.11 0.01 1 3.50876e-13 0 0 1
Step 112 1.12 0.01 1 3.50876e-13 0 0 1
Step 113 1.13 0.01 1 3.50876e-13 0 0 1
Step 114 1.14 0.01 1 3.50876e-13 0 0 1
Step 115 1.15 0.01 1 3.50876e-13 0 0 1
Step 116 1.16 0.01 1 3.50876e-13 0 0 1
Step 117 1.17 0.01 1 3.50876e-13 0 0 1
Step 118 1.18 0.01 1 3.50876e-13 0 0 1
Step 119 1.19 0.01 1 3.50874e-13 0 0 1
Step 120 1.2 0.01 1 3.50876e-13 0 0 1
Step 121 1.21 0.01 1 3.50876e-13 0 0 1
Step 122 1.22 0.01 1 3.50876e-13 0 0 1
Step 123 1.23 0.01 1 3.50876e-13 0 0 1
Step 124 1.24 0.01 1 3.50876e-13 0 0 1
Step 125 1.25 0.01 1 3.50876e-13 0 0 1
Step 126 1.26 0.01 1 3.50876e-13 0 0 1
Step 127 1.27 0.01 1 3.50876e-13 0 0 1
Step 128 1.28 0.01 1 3.50876e-13 0 0 1
Step 129 1.29 0.01 1 3.50876e-13 0 0 1
Step 130 1.3 0.01 1 3.50876e-13 0 0 1
Step 131 1.31 0.01 1 3.50876e-13 0 0 1
Step 132 1.32 0.01 1 3.50876e-13 0 0 1
Step 133 1.33 0.01 1 3.50876e-13 0 0 1
Step 134 1.34 0.01 1 3.50876e-13 0 0 1
Step 135 1.35 0.01 1 3.50876e-13 0 0 1
Step 136 1.36 0.01 1 3.50876e-13 0 0 1
Step 137 1.37 0.01 1 3.50876e-13 0 0 1
Step 138 1.38 0.01 1 3.50874e-13 0 0 1
Step 139 1.39 0.01 1 3.50876e-13 0 0 1
Step 140 1.4 0.01 1 3.50876e-13 0 0 1
Step 141 1.41 0.01 1 3.50876e-13 0 0 1
Step 142 1.42 0.01 1 3.50876e-13 0 0 1
Step 143 1.43 0.01 1 3.50874e-13 0 0 1
Step 144 1.44 0.01 1 3.50876e-13 0 0 1
Step 145 1.45 0.01 1 3.50876e-13 0 0 1
Step 146 1.46 0.01 1 3.50876e-13 0 0 1
Step 147 1.47 0.01 1 3.50876e-13 0 0 1
Step 148 1.48 0.01 1 3.50874e-13 0 0 1
Step 149 1.49 0.01 1 3.50876e-13 0 0 1
Step 150 1.5 0.01 1 3.50876e-13 0 0 1
Step 151 1.51 0.01 1 3.50874e-13 0 0 1
Step 152 1.52 0.01 1 3.50876e-13 0 0 1
Step 153 1.53 0.01 1 3.50874e-13 0 0 1
Step 154 1.54 0.01 1 3.50874e-13 0 0 1
Step 155 1.55 0.01 1 3.50876e-13 0 0 1
Step 156 1.56 0.01 1 3.50874e-13 0 0 1
Step 157 1.57 0.01 1 3.50876e-13 0 0 1
Step 158 1.58 0.01 1 3.50874e-13 0 0 1
Step 159 1.59 0.01 1 3.50874e-13 0 0 1
Step 160 1.6 0.01 1 3.50876e-13 0 0 1
Step 161 1.61 0.01 1 3.50876e-13 0 0 1
Step 162 1.62 0.01 1 3.50874e-13 0 0 1
Step 163 1.63 0.01 1 3.50876e-13 0 0 1
Step 164 1.64 0.01 1 3.50876e-13 0 0 1
Step 165 1.65 0.01 1 3.50876e-13 0 0 1
Step 166 1.66 0.01 1 3.50874e-13 0 0 1
Step 167 1.67 0.01 1 3.50876e-13 0 0 1
Step 168 1.68 0.01 1 3.50876e-13 0 0 1
Step 169 1.69 0.01 1 3.50876e-13 0 0 1
Step 170 1.7 0.01 1 3.50876e-13 0 0 1
Step 171 1.71 0.01 1 3.50876e-13 0 0 1
Step 172 1.72 0.01 1 3.50876e-13 0 0 1
Step 173 1.73 0.01 1 3.50876e-13 0 0 1
Step 174 1.74 0.01 1 3.50876e-13 0 0 1
Step 175 1.75 0.01 1 3.50874e-13 0 0 1
Step 176 1.76 0.01 1 3.50876e-13 0 0 1
Step 177 1.77 0.01 1 3.50876e-13 0 0 1
Step 178 1.78 0.01 1 3.50876e-13 0 0 1
Step 179 1.79 0.01 1 3.50876e-13 0 0 1
Step 180 1.8 0.01 1 3.50874e-13 0 0 1
Step 181 1.81 0.01 1 3.50876e-13 0 0 1
Step 182 1.82 0.01 1 3.50876e-13 0 0 1
Step 183 1.83 0.01 1 3.50874e-13 0 0 1
Step 184 1.84 0.01 1 3.50876e-13 0 0 1
Step 185 1.85 0.01 1 3.50876e-13 0 0 1
Step 186 1.86 0.01 1 3.50876e-13 0 0 1
Step 187 1.87 0.01 1 3.50876e-13 0 0 1
Step 188 1.88 0.01 1 3.50876e-13 0 0 1
Step 189 1.89 0.01 1 3.50876e-13 0 0 1
Step 190 1.9 0.01 1 3.50876e-13 0 0 1
Step 191 1.91 0.01 1 3.50876e-13 0 0 1
Step 192 1.92 0.01 1 3.50876e-13 0 0 1
Step 193 1.93 0.01 1 3.50876e-13 0 0 1
Step 194 1.94 0.01 1 3.50876e-13 0 0 1
Step 195 1.95 0.01 1 3.50876e-13 0 0 1
Step 196 1.96 0.01 1 3.50876e-13 0 0 1
Step 197 1.97 0.01 1 3.50876e-13 0 0 1
Step 198 1.98 0.01 1 3.50876e-13 0 0 1
Step 199 1.99 0.01 1 3.50876e-13 0 0 1
Step 200 2 0.01 1 3.50876e-13 0 0 1
Step 201 2.01 0.01 1 3.50876e-13 0 0 1
Step 202 2.02 0.01 1 3.50874e-13 0 0 1
Step 203 2.03 0.01 1 3.50876e-13 0 0 1
Step 204 2.04 0.01 1 3.50876e-13 0 0 1
Step 205 2.05 0.01 1 3.50876e-13 0 0 1
Step 206 2.06 0.01 1 3.50876e-13 0 0 1
Step 207 2.07 0.01 1 3.50876e-13 0 0 1
Step 208 2.08 0.01 1 3.50876e-13 0 0 1
Step 209 2.09 0.01 1 3.50874e-13 0 0 1
Step 210 2.1 0.01 1 3.50876e-13 0 0 1
Step 211 2.11 0.01 1 3.50876e-13 0 0 1
Step 212 2.12 0.01 1 3.50876e-13 0 0 1
Step 213 2.13 0.01 1 3.50876e-13 0 0 1
Step 214 2.14 0.01 1 3.50876e-13 0 0 1
Step 215 2.15 0.01 1 3.50876e-13 0 0 1
Step 216 2.16 0.01 1 3.50876e-13 0 0 1
Step 217 2.17 0.01 1 3.50876e-13 0 0 1
Step 218 2.18 0.01 1 3.50876e-13 0 0 1
Step 219 2.19 0.01 1 3.50876e-13 0 0 1
Step 220 2.2 0.01 1 3.50876e-13 0 0 1
Step 221 2.21 0.01 1 3.50876e-13 0 0 1
Step 222 2.22 0.01 1 3.50876e-13 0 0 1
Step 223 2.23 0.01 1 3.50876e-13 0 0 1
Step 224 2.24 0.01 1 3.50876e-13 0 0 1
Step 225 2.25 0.01 1 3.50876e-13 0 0 1
Step 226 2.26 0.01 1 3.50874e-13 0 0 1
Step 227 2.27 0.01 1 3.50876e-13 0 0 1
Step 228 2.28 0.01 1 3.50876e-13 0 0 1
Step 229 2.29 0.01 1 3.50876e-13 0 0 1
Step 230 2.3 0.01 1 3.50876e-13 0 0 1
Step 231 2.31 0.01 1 3.50876e-13 0 0 1
Step 232 2.32 0.01 1 3.50874e-13 0 0 1
Step 233 2.33 0.01 1 3.50876e-13 0 0 1
Step 234 2.34 0.01 1 3.50874e-13 0 0 1
Step 235 2.35 0.01 1 3.50876e-13 0 0 1
Step 236 2.36 0.01 1 3.50876e-13 0 0 1
Step 237 2.37 0.01 1 3.50874e-13 0 0 1
Step 238 2.38 0.01 1 3.50876e-13 0 0 1
Step 239 2.39 0.01 1 3.50874e-13 0 0 1
Step 240 2.4 0.01 1 3.50874e-13 0 0 1
Step 241 2.41 0.01 1 3.50874e-13 0 0 1
Step 242 2.42 0.01 1 3.50876e-13 0 0 1
Step 243 2.43 0.01 1 3.50876e-13 0 0 1
Step 244 2.44 0.01 1 3.50876e-13 0 0 1
Step 245 2.45 0.01 1 3.50876e-13 0 0 1
Step 246 2.46 0.01 1 3.50876e-13 0 0 1
Step 247 2.47 0.01 1 3.50876e-13 0 0 1
Step 248 2.48 0.01 1 3.50876e-13 0 0 1
Step 249 2.49 0.01 1 3.50876e-13 0 0 1
Step 250 2.5 0.01 1 3.50876e-13 0 0 1
Step 251 2.51 0.01 1 3.50876e-13 0 0 1
Step 252 2.52 0.01 1 3.50876e-13 0 0 1
Step 253 2.53 0.01 1 3.50874e-13 0 0 1
Step 254 2.54 0.01 1 3.50876e-13 0 0 1
Step 255 2.55 0.01 1 3.50876e-13 0 0 1
Step 256 2.56 0.01 1 3.50876e-13 0 0 1
Step 257 2.57 0.01 1 3.50876e-13 0 0 1
Step 258 2.58 0.01 1 3.50876e-13 0 0 1
Step 259 2.59 0.01 1 3.50876e-13 0 0 1
Step 260 2.6 0.01 1 3.50876e-13 0 0 1
Step 261 2.61 0.01 1 3.50876e-13 0 0 1
Step 262 2.62 0.01 1 3.50876e-13 0 0 1
Step 263 2.63 0.01 1 3.50874e-13 0 0 1
Step 264 2.64 0.01 1 3.50876e-13 0 0 1
Step 265 2.65 0.01 1 3.50876e-13 0 0 1
Step 266 2.66 0.01 1 3.50876e-13 0 0 1
Step 267 2.67 0.01 1 3.50876e-13 0 0 1
Step 268 2.68 0.01 1 3.50876e-13 0 0 1
Step 269 2.69 0.01 1 3.50876e-13 0 0 1
Step 270 2.7 0.01 1 3.50876e-13 0 0 1
Step 271 2.71 0.01 1 3.50876e-13 0 0 1
Step 272 2.72 0.01 1 3.50876e-13 0 0 1
Step 273 2.73 0.01 1 3.50876e-13 0 0 1
Step 274 2.74 0.01 1 3.50876e-13 0 0 1
Step 275 2.75 0.01 1 3.50874e-13 0 0 1
Step 276 2.76 0.01 1 3.50876e-13 0 0 1
Step 277 2.77 0.01 1 3.50876e-13 0 0 1
Step 278 2.78 0.01 1 3.50874e-13 0 0 1
Step 279 2.79 0.01 1 3.50876e-13 0 0 1
Step 280 2.8 0.01 1 3.50876e-13 0 0 1
Step 281 2.81 0.01 1 3.50876e-13 0 0 1
Step 282 2.82 0.01 1 3.50874e-13 0 0 1
Step 283 2.83 0.01 1 3.50876e-13 0 0 1
Step 284 2.84 0.01 1 3.50876e-13 0 0 1
Step 285 2.85 0.01 1 3.50876e-13 0 0 1
Step 286 2.86 0.01 1 3.50876e-13 0 0 1
Step 287 2.87 0.01 1 3.50876e-13 0 0 1
Step 288 2.88 0.01 1 3.50876e-13 0 0 1
Step 289 2.89 0.01 1 3.50876e-13 0 0 1
Step 290 2.9 0.01 1 3.50874e-13 0 0 1
Step 291 2.91 0.01 1 3.50876e-13 0 0 1
Step 292 2.92 0.01 1 3.50874e-13 0 0 1
Step 293 2.93 0.01 1 3.50874e-13 0 0 1
Step 294 2.94 0.01 1 3.50876e-13 0 0 1
Step 295 2.95 0.01 1 3.50876e-13 0 0 1
Step 296 2.96 0.01 1 3.50876e-13 0 0 1
Step 297 2.97 0.01 1 3.50876e-13 0 0 1
Step 298 2.98 0.01 1 3.50876e-13 0 0 1
Step 299 2.99 0.01 1 3.50876e-13 0 0 1
Step 300 3 0.01 1 3.50876e-13 0 0 1
Step 301 3.01 0.01 1 3.50876e-13 0 0 1
Step 302 3.02 0.01 1 3.50876e-13 0 0 1
Step 303 3.03 0.01 1 3.50876e-13 0 0 1
Step 304 3.04 0.01 1 3.50876e-13 0 0 1
Step 305 3.05 0.01 1 3.50876e-13 0 0 1
Step 306 3.06 0.01 1 3.50876e-13 0 0 1
Step 307 3.07 0.01 1 3.50876e-13 0 0 1
Step 308 3.08 0.01 1 3.50876e-13 0 0 1
Step 309 3.09 0.01 1 3.50874e-13 0 0 1
Step 310 3.1 0.01 1 3.50876e-13 0 0 1
Step 311 3.11 0.01 1 3.50876e-13 0 0 1
Step 312 3.12 0.01 1 3.50876e-13 0 0 1
Step 313 3.13 0.01 1 3.50874e-13 0 0 1
Step 314 3.14 0.01 1 3.50876e-13 0 0 1
Step 315 3.15 0.01 1 3.50876e-13 0 0 1
Step 316 3.16 0.01 1 3.50876e-13 0 0 1
Step 317 3.17 0.01 1 3.50874e-13 0 0 1
Step 318 3.18 0.01 1 3.50876e-13 0 0 1
Step 319 3.19 0.01 1 3.50876e-13 0 0 1
Step 320 3.2 0.01 1 3.50876e-13 0 0 1
Step 321 3.21 0.01 1 3.50876e-13 0 0 1
Step 322 3.22 0.01 1 3.50876e-13 0 0 1
Step 323 3.23 0.01 1 3.50874e-13 0 0 1
Step 324 3.24 0.01 1 3.50876e-13 0 0 1
Step 325 3.25 0.01 1 3.50876e-13 0 0 1
Step 326 3.26 0.01 1 3.50876e-13 0 0 1
Step 327 3.27 0.01 1 3.50876e-13 0 0 1
Step 328 3.28 0.01 1 3.50876e-13 0 0 1
Step 329 3.29 0.01 1 3.50876e-13 0 0 1
Step 330 3.3 0.01 1 3.50874e-13 0 0 1
Step 331 3.31 0.01 1 3.50876e-13 0 0 1
Step 332 3.32 0.01 1 3.50876e-13 0 0 1
Step 333 3.33 0.01 1 3.50874e-13 0 0 1
Step 334 3.34 0.01 1 3.50876e-13 0 0 1
Step 335 3.35 0.01 1 3.50876e-13 0 0 1
Step 336 3.36 0.01 1 3.50874e-13 0 0 1
Step 337 3.37 0.01 1 3.50876e-13 0 0 1
Step 338 3.38 0.01 1 3.50876e-13 0 0 1
Step 339 3.39 0.01 1 3.50876e-13 0 0 1
Step 340 3.4 0.01 1 3.50876e-13 0 0 1
Step 341 3.41 0.01 1 3.50876e-13 0 0 1
Step 342 3.42 0.01 1 3.50876e-13 0 0 1
Step 343 3.43 0.01 1 3.50876e-13 0 0 1
Step 344 3.44 0.01 1 3.50876e-13 0 0 1
Step 345 3.45 0.01 1 3.50876e-13 0 0 1
Step 346 3.46 0.01 1 3.50876e-13 0 0 1
Step 347 3.47 0.01 1 3.50876e-13 0 0 1
Step 348 3.48 0.01 1 3.50876e-13 0 0 1
Step 349 3.49 0.01 1 3.50876e-13 0 0 1
Step 350 3.5 0.01 1 3.50876e-13 0 0 1
Step 351 3.51 0.01 1 3.50876e-13 0 0 1
Step 352 3.52 0.01 1 3.50876e-13 0 0 1
Step 353 3.53 0.01 1 3.50874e-13 0 0 1
Step 354 3.54 0.01 1 3.50876e-13 0 0 1
Step 355 3.55 0.01 1 3.50876e-13 0 0 1
Step 356 3.56 0.01 1 3.50876e-13 0 0 1
Step 357 3.57 0.01 1 3.50876e-13 0 0 1
Step 358 3.58 0.01 1 3.50876e-13 0 0 1
Step 359 3.59 0.01 1 3.50876e-13 0 0 1
Step 360 3.6 0.01 1 3.50876e-13 0 0 1
Step 361 3.61 0.01 1 3.50876e-13 0 0 1
Step 362 3.62 0.01 1 3.50874e-13 0 0 1
Step 363 3.63 0.01 1 3.50876e-13 0 0 1
Step 364 3.64 0.01 1 3.50876e-13 0 0 1
Step 365 3.65 0.01 1 3.50876e-13 0 0 1
Step 366 3.66 0.01 1 3.50874e-13 0 0 1
Step 367 3.67 0.01 1 3.50876e-13 0 0 1
Step 368 3.68 0.01 1 3.50876e-13 0 0 1
Step 369 3.69 0.01 1 3.50876e-13 0 0 1
Step 370 3.7 0.01 1 3.50876e-13 0 0 1
Step 371 3.71 0.01 1 3.50876e-13 0 0 1
Step 372 3.72 0.01 1 3.50876e-13 0 0 1
Step 373 3.73 0.01 1 3.50876e-13 0 0 1
Step 374 3.74 0.01 1 3.50874e-13 0 0 1
Step 375 3.75 0.01 1 3.50874e-13 0 0 1
Step 376 3.76 0.01 1 3.50876e-13 0 0 1
Step 377 3.77 0.01 1 3.50876e-13 0 0 1
Step 378 3.78 0.01 1 3.50876e-13 0 0 1
Step 379 3.79 0.01 1 3.50876e-13 0 0 1
Step 380 3.8 0.01 1 3.50876e-13 0 0 1
Step 381 3.81 0.01 1 3.50876e-13 0 0 1
Step 382 3.82 0.01 1 3.50876e-13 0 0 1
Step 383 3.83 0.01 1 3.50876e-13 0 0 1
Step 384 3.84 0.01 1 3.50874e-13 0 0 1
Step 385 3.85 0.01 1 3.50876e-13 0 0 1
Step 386 3.86 0.01 1 3.50876e-13 0 0 1
Step 387 3.87 0.01 1 3.50876e-13 0 0 1
Step 388 3.88 0.01 1 3.50876e-13 0 0 1
Step 389 3.89 0.01 1 3.50876e-13 0 0 1
Step 390 3.9 0.01 1 3.50876e-13 0 0 1
Step 391 3.91 0.01 1 3.50876e-13 0 0 1
Step 392 3.92 0.01 1 3.50876e-13 0 0 1
Step 393 3.93 0.01 1 3.50876e-13 0 0 1
Step 394 3.94 0.01 1 3.50874e-13 0 0 1
Step 395 3.95 0.01 1 3.50876e-13 0 0 1
Step 396 3.96 0.01 1 3.50876e-13 0 0 1
Step 397 3.97 0.01 1 3.50876e-13 0 0 1
Step 398 3.98 0.01 1 3.50876e-13 0 0 1
Step 399 3.99 0.01 1 3.50876e-13 0 0 1
Step 400 4 0.01 1 3.50876e-13 0 0 1
Step 401 4.01 0.01 1 3.50876e-13 0 0 1
Step 402 4.02 0.01 1 3.50876e-13 0 0 1
Step 403 4.03 0.01 1 3.50876e-13 0 0 1
Step 404 4.04 0.01 1 3.50876e-13 0 0 1
Step 405 4.05 0.01 1 3.50876e-13 0 0 1
Step 406 4.06 0.01 1 3.50876e-13 0 0 1
Step 407 4.07 0.01 1 3.50876e-13 0 0 1
Step 408 4.08 0.01 1 3.50876e-13 0 0 1
Step 409 4.09 0.01 1 3.50876e-13 0 0 1
Step 410 4.1 0.01 1 3.50876e-13 0 0 1
Step 411 4.11 0.01 1 3.50876e-13 0 0 1
Step 412 4.12 0.01 1 3.50874e-13 0 0 1
Step 413 4.13 0.01 1 3.50874e-13 0 0 1
Step 414 4.14 0.01 1 3.50876e-13 0 0 1
Step 415 4.15 0.01 1 3.50874e-13 0 0 1
Step 416 4.16 0.01 1 3.50876e-13 0 0 1
Step 417 4.17 0.01 1 3.50876e-13 0 0 1
Step 418 4.18 0.01 1 3.50876e-13 0 0 1
Step 419 4.19 0.01 1 3.50876e-13 0 0 1
Step 420 4.2 0.01 1 3.50876e-13 0 0 1
Step 421 4.21 0.01 1 3.50876e-13 0 0 1
Step 422 4.22 0.01 1 3.50876e-13 0 0 1
Step 423 4.23 0.01 1 3.50876e-13 0 0 1
Step 424 4.24 0.01 1 3.50876e-13 0 0 1
Step 425 4.25 0.01 1 3.50874e-13 0 0 1
Step 426 4.26 0.01 1 3.50874e-13 0 0 1
Step 427 4.27 0.01 1 3.50876e-13 0 0 1
Step 428 4.28 0.01 1 3.50876e-13 0 0 1
Step 429 4.29 0.01 1 3.50874e-13 0 0 1
Step 430 4.3 0.01 1 3.50876e-13 0 0 1
Step 431 4.31 0.01 1 3.50876e-13 0 0 1
Step 432 4.32 0.01 1 3.50876e-13 0 0 1
Step 433 4.33 0.01 1 3.50876e-13 0 0 1
Step 434 4.34 0.01 1 3.50876e-13 0 0 1
Step 435 4.35 0.01 1 3.50876e-13 0 0 1
Step 436 4.36 0.01 1 3.50876e-13 0 0 1
Step 437 4.37 0.01 1 3.50874e-13 0 0 1
Step 438 4.38 0.01 1 3.50876e-13 0 0 1
Step 439 4.39 0.01 1 3.50876e-13 0 0 1
Step 440 4.4 0.01 1 3.50876e-13 0 0 1
Step 441 4.41 0.01 1 3.50876e-13 0 0 1
Step 442 4.42 0.01 1 3.50876e-13 0 0 1
Step 443 4.43 0.01 1 3.50876e-13 0 0 1
Step 444 4.44 0.01 1 3.50876e-13 0 0 1
Step 445 4.45 0.01 1 3.50876e-13 0 0 1
Step 446 4.46 0.01 1 3.50876e-13 0 0 1
Step 447 4.47 0.01 1 3.50876e-13 0 0 1
Step 448 4.48 0.01 1 3.50874e-13 0 0 1
Step 449 4.49 0.01 1 3.50876e-13 0 0 1
Step 450 4.5 0.01 1 3.50876e-13 0 0 1
Step 451 4.51 0.01 1 3.50876e-13 0 0 1
Step 452 4.52 0.01 1 3.50876e-13 0 0 1
Step 453 4.53 0.01 1 3.50874e-13 0 0 1
Step 454 4.54 0.01 1 3.50876e-13 0 0 1
Step 455 4.55 0.01 1 3.50876e-13 0 0 1
Step 456 4.56 0.01 1 3.50876e-13 0 0 1
Step 457 4.57 0.01 1 3.50876e-13 0 0 1
Step 458 4.58 0.01 1 3.50874e-13 0 0 1
Step 459 4.59 0.01 1 3.50876e-13 0 0 1
Step 460 4.6 0.01 1 3.50876e-13 0 0 1
Step 461 4.61 0.01 1 3.50874e-13 0 0 1
Step 462 4.62 0.01 1 3.50876e-13 0 0 1
Step 463 4.63 0.01 1 3.50876e-13 0 0 1
Step 464 4.64 0.01 1 3.50876e-13 0 0 1
Step 465 4.65 0.01 1 3.50876e-13 0 0 1
Step 466 4.66 0.01 1 3.50874e-13 0 0 1
Step 467 4.67 0.01 1 3.50876e-13 0 0 1
Step 468 4.68 0.01 1 3.50874e-13 0 0 1
Step 469 4.69 0.01 1 3.50876e-13 0 0 1
Step 470 4.7 0.01 1 3.50876e-13 0 0 1
Step 471 4.71 0.01 1 3.50876e-13 0 0 1
Step 472 4.72 0.01 1 3.50876e-13 0 0 1
Step 473 4.73 0.01 1 3.50876e-13 0 0 1
Step 474 4.74 0.01 1 3.50876e-13 0 0 1
Step 475 4.75 0.01 1 3.50876e-13 0 0 1
Step 476 4.76 0.01 1 3.50876e-13 0 0 1
Step 477 4.77 0.01 1 3.50876e-13 0 0 1
Step 478 4.78 0.01 1 3.50874e-13 0 0 1
Step 479 4.79 0.01 1 3.50876e-13 0 0 1
Step 480 4.8 0.01 1 3.50876e-13 0 0 1
Step 481 4.81 0.01 1 3.50876e-13 0 0 1
Step 482 4.82 0.01 1 3.50876e-13 0 0 1
Step 483 4.83 0.01 1 3.50874e-13 0 0 1
Step 484 4.84 0.01 1 3.50876e-13 0 0 1
Step 485 4.85 0.01 1 3.50876e-13 0 0 1
Step 486 4.86 0.01 1 3.50874e-13 0 0 1
Step 487 4.87 0.01 1 3.50876e-13 0 0 1
Step 488 4.88 0.01 1 3.50876e-13 0 0 1
Step 489 4.89 0.01 1 3.50876e-13 0 0 1
Step 490 4.9 0.01 1 3.50876e-13 0 0 1
Step 491 4.91 0.01 1 3.50874e-13 0 0 1
Step 492 4.92 0.01 1 3.50876e-13 0 0 1
Step 493 4.93 0.01 1 3.50876e-13 0 0 1
Step 494 4.94 0.01 1 3.50876e-13 0 0 1
Step 495 4.95 0.01 1 3.50876e-13 0 0 1
Step 496 4.96 0.01 1 3.50876e-13 0 0 1
Step 497 4.97 0.01 1 3.50874e-13 0 0 1
Step 498 4.98 0.01 1 3.50876e-13 0 0 1
Step 499 4.99 0.01 1 3.50876e-13 0 0 1
Step 500 5 0.01 1 3.50876e-13 0 0 1
Step 501 5.01 0.01 1 3.50876e-13 0 0 1
